# JRE version: OpenJDK Runtime Environment (21.0.6) (build 21.0.6+-13355223-b631.42)
# Java VM: OpenJDK 64-Bit Server VM (21.0.6+-13355223-b631.42, mixed mode, tiered, compressed oops, compressed class ptrs, g1 gc, windows-amd64)
GC Precious Log:
 CardTable entry size: 512
 Card Set container configuration: InlinePtr #cards 5 size 8 Array Of Cards #cards 12 size 40 Howl #buckets 4 coarsen threshold 1843 Howl Bitmap #cards 512 size 80 coarsen threshold 460 Card regions per heap region 1 cards per card region 2048
 CPUs: 12 total, 12 available
 Memory: 7528M
 Large Page Support: Disabled
 NUMA Support: Disabled
 Compressed Oops: Enabled (32-bit)
 Heap Region Size: 1M
 Heap Min Capacity: 8M
 Heap Initial Capacity: 118M
 Heap Max Capacity: 2G
 Pre-touch: Disabled
 Parallel Workers: 10
 Concurrent Workers: 3
 Concurrent Refinement Workers: 10
 Periodic GC: Disabled
Heap:
 garbage-first heap   total 270336K, used 252444K [0x0000000080000000, 0x0000000100000000)
  region size 1024K, 95 young (97280K), 6 survivors (6144K)
 Metaspace       used 151438K, committed 153856K, reserved 1245184K
  class space    used 20021K, committed 21248K, reserved 1048576K
GC Heap History (20 events):
Event: 312.191 GC heap before
{Heap before GC invocations=49 (full 0):
 garbage-first heap   total 205824K, used 179256K [0x0000000080000000, 0x0000000100000000)
  region size 1024K, 71 young (72704K), 8 survivors (8192K)
 Metaspace       used 143023K, committed 145344K, reserved 1179648K
  class space    used 19353K, committed 20480K, reserved 1048576K
}
Event: 312.392 GC heap after
{Heap after GC invocations=50 (full 0):
 garbage-first heap   total 205824K, used 117116K [0x0000000080000000, 0x0000000100000000)
  region size 1024K, 6 young (6144K), 6 survivors (6144K)
 Metaspace       used 143023K, committed 145344K, reserved 1179648K
  class space    used 19353K, committed 20480K, reserved 1048576K
}
Event: 317.394 GC heap before
{Heap before GC invocations=51 (full 0):
 garbage-first heap   total 205824K, used 188796K [0x0000000080000000, 0x0000000100000000)
  region size 1024K, 74 young (75776K), 6 survivors (6144K)
 Metaspace       used 143651K, committed 145984K, reserved 1179648K
  class space    used 19353K, committed 20480K, reserved 1048576K
}
Event: 317.430 GC heap after
{Heap after GC invocations=52 (full 0):
 garbage-first heap   total 205824K, used 125730K [0x0000000080000000, 0x0000000100000000)
  region size 1024K, 10 young (10240K), 10 survivors (10240K)
 Metaspace       used 143651K, committed 145984K, reserved 1179648K
  class space    used 19353K, committed 20480K, reserved 1048576K
}
Event: 318.263 GC heap before
{Heap before GC invocations=52 (full 0):
 garbage-first heap   total 205824K, used 187170K [0x0000000080000000, 0x0000000100000000)
  region size 1024K, 67 young (68608K), 10 survivors (10240K)
 Metaspace       used 144295K, committed 146624K, reserved 1179648K
  class space    used 19383K, committed 20544K, reserved 1048576K
}
Event: 318.291 GC heap after
{Heap after GC invocations=53 (full 0):
 garbage-first heap   total 211968K, used 133198K [0x0000000080000000, 0x0000000100000000)
  region size 1024K, 8 young (8192K), 8 survivors (8192K)
 Metaspace       used 144295K, committed 146624K, reserved 1179648K
  class space    used 19383K, committed 20544K, reserved 1048576K
}
Event: 318.906 GC heap before
{Heap before GC invocations=53 (full 0):
 garbage-first heap   total 211968K, used 155726K [0x0000000080000000, 0x0000000100000000)
  region size 1024K, 32 young (32768K), 8 survivors (8192K)
 Metaspace       used 145167K, committed 147456K, reserved 1179648K
  class space    used 19487K, committed 20608K, reserved 1048576K
}
Event: 318.923 GC heap after
{Heap after GC invocations=54 (full 0):
 garbage-first heap   total 211968K, used 134059K [0x0000000080000000, 0x0000000100000000)
  region size 1024K, 2 young (2048K), 2 survivors (2048K)
 Metaspace       used 145167K, committed 147456K, reserved 1179648K
  class space    used 19487K, committed 20608K, reserved 1048576K
}
Event: 1014.498 GC heap before
{Heap before GC invocations=55 (full 0):
 garbage-first heap   total 247808K, used 207787K [0x0000000080000000, 0x0000000100000000)
  region size 1024K, 61 young (62464K), 2 survivors (2048K)
 Metaspace       used 145349K, committed 147712K, reserved 1179648K
  class space    used 19491K, committed 20672K, reserved 1048576K
}
Event: 1014.600 GC heap after
{Heap after GC invocations=56 (full 0):
 garbage-first heap   total 247808K, used 136022K [0x0000000080000000, 0x0000000100000000)
  region size 1024K, 4 young (4096K), 4 survivors (4096K)
 Metaspace       used 145349K, committed 147712K, reserved 1179648K
  class space    used 19491K, committed 20672K, reserved 1048576K
}
Event: 1022.856 GC heap before
{Heap before GC invocations=56 (full 0):
 garbage-first heap   total 247808K, used 234326K [0x0000000080000000, 0x0000000100000000)
  region size 1024K, 95 young (97280K), 4 survivors (4096K)
 Metaspace       used 146085K, committed 148480K, reserved 1179648K
  class space    used 19514K, committed 20672K, reserved 1048576K
}
Event: 1023.050 GC heap after
{Heap after GC invocations=57 (full 0):
 garbage-first heap   total 264192K, used 145480K [0x0000000080000000, 0x0000000100000000)
  region size 1024K, 12 young (12288K), 12 survivors (12288K)
 Metaspace       used 146085K, committed 148480K, reserved 1179648K
  class space    used 19514K, committed 20672K, reserved 1048576K
}
Event: 1024.550 GC heap before
{Heap before GC invocations=57 (full 0):
 garbage-first heap   total 264192K, used 170056K [0x0000000080000000, 0x0000000100000000)
  region size 1024K, 38 young (38912K), 12 survivors (12288K)
 Metaspace       used 146360K, committed 148736K, reserved 1179648K
  class space    used 19514K, committed 20672K, reserved 1048576K
}
Event: 1024.583 GC heap after
{Heap after GC invocations=58 (full 0):
 garbage-first heap   total 264192K, used 147024K [0x0000000080000000, 0x0000000100000000)
  region size 1024K, 3 young (3072K), 3 survivors (3072K)
 Metaspace       used 146360K, committed 148736K, reserved 1179648K
  class space    used 19514K, committed 20672K, reserved 1048576K
}
Event: 1173.137 GC heap before
{Heap before GC invocations=59 (full 0):
 garbage-first heap   total 265216K, used 247376K [0x0000000080000000, 0x0000000100000000)
  region size 1024K, 89 young (91136K), 3 survivors (3072K)
 Metaspace       used 146873K, committed 149248K, reserved 1179648K
  class space    used 19548K, committed 20736K, reserved 1048576K
}
Event: 1173.394 GC heap after
{Heap after GC invocations=60 (full 0):
 garbage-first heap   total 265216K, used 153567K [0x0000000080000000, 0x0000000100000000)
  region size 1024K, 9 young (9216K), 9 survivors (9216K)
 Metaspace       used 146873K, committed 149248K, reserved 1179648K
  class space    used 19548K, committed 20736K, reserved 1048576K
}
Event: 1178.348 GC heap before
{Heap before GC invocations=60 (full 0):
 garbage-first heap   total 265216K, used 252895K [0x0000000080000000, 0x0000000100000000)
  region size 1024K, 92 young (94208K), 9 survivors (9216K)
 Metaspace       used 150513K, committed 152768K, reserved 1245184K
  class space    used 19936K, committed 21056K, reserved 1048576K
}
Event: 1178.406 GC heap after
{Heap after GC invocations=61 (full 0):
 garbage-first heap   total 268288K, used 146515K [0x0000000080000000, 0x0000000100000000)
  region size 1024K, 3 young (3072K), 3 survivors (3072K)
 Metaspace       used 150513K, committed 152768K, reserved 1245184K
  class space    used 19936K, committed 21056K, reserved 1048576K
}
Event: 1183.615 GC heap before
{Heap before GC invocations=61 (full 0):
 garbage-first heap   total 268288K, used 194643K [0x0000000080000000, 0x0000000100000000)
  region size 1024K, 52 young (53248K), 3 survivors (3072K)
 Metaspace       used 151397K, committed 153792K, reserved 1245184K
  class space    used 20026K, committed 21248K, reserved 1048576K
}
Event: 1183.636 GC heap after
{Heap after GC invocations=62 (full 0):
 garbage-first heap   total 268288K, used 149121K [0x0000000080000000, 0x0000000100000000)
  region size 1024K, 6 young (6144K), 6 survivors (6144K)
 Metaspace       used 151397K, committed 153792K, reserved 1245184K
  class space    used 20026K, committed 21248K, reserved 1048576K
}

